<?xml version="1.0" encoding="UTF-8"?>
<!-- Generated by org.testng.reporters.JUnitXMLReporter -->
<testsuite ignored="0" hostname="DESKTOP-L8U9JQU" failures="0" tests="1" name="Test" time="0.072" errors="0" timestamp="2022-06-02T21:44:45 PDT">
  <testcase classname="com.carsome.qa.testcases.TestCase1" name="@BeforeMethod setUp" time="0.017">
    <failure type="java.lang.NoClassDefFoundError" message="org/openqa/selenium/remote/http/ConnectionFailedException">
      <![CDATA[java.lang.NoClassDefFoundError: org/openqa/selenium/remote/http/ConnectionFailedException
at com.carsome.qa.base.TestBase.initialization(TestBase.java:46)
at com.carsome.qa.testcases.TestCase1.setUp(TestCase1.java:29)
at java.base/java.util.ArrayList.forEach(ArrayList.java:1511)
Caused by: java.lang.ClassNotFoundException: org.openqa.selenium.remote.http.ConnectionFailedException
at java.base/jdk.internal.loader.BuiltinClassLoader.loadClass(BuiltinClassLoader.java:641)
at java.base/jdk.internal.loader.ClassLoaders$AppClassLoader.loadClass(ClassLoaders.java:188)
at java.base/java.lang.ClassLoader.loadClass(ClassLoader.java:521)
... 32 more
... Removed 29 stack frames]]>
    </failure>
  </testcase> <!-- @BeforeMethod setUp -->
  <testcase classname="com.carsome.qa.testcases.TestCase1" name="@AfterMethod tearDown" time="-1.654231485223E9">
    <skipped/>
  </testcase> <!-- @AfterMethod tearDown -->
  <testcase classname="com.carsome.qa.testcases.TestCase1" name="Gotospecificdeal" time="0.0">
    <skipped/>
  </testcase> <!-- Gotospecificdeal -->
</testsuite> <!-- Test -->
